1420632010,Abandoned connection cleanup thread,java.lang.Object.wait(Native,TIMED_WAITING
1420632010,AfterSaveEventPublisher-master,java.lang.Thread.sleep(Native,TIMED_WAITING
1420632010,ajp-bio-8009-Acceptor-0,java.net.PlainSocketImpl.socketAccept(Native,RUNNABLE
1420632010,ajp-bio-8009-AsyncTimeout,java.lang.Thread.sleep(Native,TIMED_WAITING
1420632010,ajp-bio-8009-exec-12,sun.misc.Unsafe.park(Native,WAITING
1420632010,ajp-bio-8009-exec-15,sun.misc.Unsafe.park(Native,WAITING
1420632010,ajp-bio-8009-exec-2,sun.misc.Unsafe.park(Native,WAITING
1420632010,ajp-bio-8009-exec-26,sun.misc.Unsafe.park(Native,WAITING
1420632010,ajp-bio-8009-exec-27,sun.misc.Unsafe.park(Native,WAITING
1420632010,ajp-bio-8009-exec-28,sun.misc.Unsafe.park(Native,WAITING
1420632010,ajp-bio-8009-exec-30,sun.misc.Unsafe.park(Native,WAITING
1420632010,ajp-bio-8009-exec-31,sun.misc.Unsafe.park(Native,WAITING
1420632010,ajp-bio-8009-exec-6,sun.misc.Unsafe.park(Native,WAITING
1420632010,ajp-bio-8009-exec-7,sun.misc.Unsafe.park(Native,WAITING
1420632010,ajp-bio-8010-Acceptor-0,java.net.PlainSocketImpl.socketAccept(Native,RUNNABLE
1420632010,ajp-bio-8010-AsyncTimeout,java.lang.Thread.sleep(Native,TIMED_WAITING
1420632010,ajp-bio-8010-exec-301,java.net.SocketInputStream.socketRead0(Native,RUNNABLE
1420632010,ajp-bio-8010-exec-471,java.net.SocketInputStream.socketRead0(Native,RUNNABLE
1420632010,ajp-bio-8010-exec-474,sun.misc.Unsafe.park(Native,WAITING
1420632010,ajp-bio-8010-exec-477,sun.misc.Unsafe.park(Native,WAITING
1420632010,ajp-bio-8010-exec-488,java.net.SocketInputStream.socketRead0(Native,RUNNABLE
1420632010,ajp-bio-8010-exec-489,sun.misc.Unsafe.park(Native,WAITING
1420632010,ajp-bio-8010-exec-490,sun.misc.Unsafe.park(Native,WAITING
1420632010,ajp-bio-8010-exec-491,java.net.SocketInputStream.socketRead0(Native,RUNNABLE
1420632010,ajp-bio-8010-exec-494,sun.misc.Unsafe.park(Native,WAITING
1420632010,ajp-bio-8010-exec-496,sun.misc.Unsafe.park(Native,WAITING
1420632010,Attach Listener,,RUNNABLE
1420632010,BroadcastSender-100,sun.misc.Unsafe.park(Native,WAITING
1420632010,BroadcastSender-108,sun.misc.Unsafe.park(Native,WAITING
1420632010,BroadcastSender-109,sun.misc.Unsafe.park(Native,WAITING
1420632010,BroadcastSender-115,sun.misc.Unsafe.park(Native,WAITING
1420632010,BroadcastSender-120,sun.misc.Unsafe.park(Native,WAITING
1420632010,BroadcastSender-125,sun.misc.Unsafe.park(Native,WAITING
1420632010,BroadcastSender-126,sun.misc.Unsafe.park(Native,WAITING
1420632010,BroadcastSender-128,sun.misc.Unsafe.park(Native,WAITING
1420632010,BroadcastSender-88,sun.misc.Unsafe.park(Native,WAITING
1420632010,BroadcastSender-98,sun.misc.Unsafe.park(Native,WAITING
1420632010,C2 CompilerThread0,,RUNNABLE
1420632010,C2 CompilerThread1,,RUNNABLE
1420632010,Concurrent Mark-Sweep GC Thread,,Periodic
1420632010,ContainerBackgroundProcessor[StandardEngine[Catalina]],,
1420632010,CronJob Timer master,java.lang.Object.wait(Native,TIMED_WAITING
1420632010,DestroyJavaVM,,RUNNABLE
1420632010,Finalizer,ownable,
1420632010,Gang worker#0 (Parallel GC Threads),worker#1,
1420632010,Gang worker#1 (Parallel GC Threads),worker#2,
1420632010,Gang worker#2 (Parallel GC Threads),worker#3,
1420632010,Gang worker#3 (Parallel GC Threads),Mark-Sweep,
1420632010,GC Daemon,java.lang.Object.wait(Native,TIMED_WAITING
1420632010,http-bio-9001-Acceptor-0,java.net.PlainSocketImpl.socketAccept(Native,RUNNABLE
1420632010,http-bio-9001-AsyncTimeout,java.lang.Thread.sleep(Native,TIMED_WAITING
1420632010,http-bio-9002-Acceptor-0,java.net.PlainSocketImpl.socketAccept(Native,RUNNABLE
1420632010,http-bio-9002-AsyncTimeout,java.lang.Thread.sleep(Native,TIMED_WAITING
1420632010,hybrisHTTP1,de.hybris.platform.servicelayer.web.SessionFilter.getJaloSession(SessionFilter.java:203),BLOCKED
1420632010,hybrisHTTP10,sun.misc.Unsafe.park(Native,WAITING
1420632010,hybrisHTTP11,sun.misc.Unsafe.park(Native,WAITING
1420632010,hybrisHTTP12,sun.misc.Unsafe.park(Native,WAITING
1420632010,hybrisHTTP13,sun.misc.Unsafe.park(Native,WAITING
1420632010,hybrisHTTP14,sun.misc.Unsafe.park(Native,WAITING
1420632010,hybrisHTTP15,sun.misc.Unsafe.park(Native,WAITING
1420632010,hybrisHTTP16,sun.misc.Unsafe.park(Native,WAITING
1420632010,hybrisHTTP17,sun.misc.Unsafe.park(Native,WAITING
1420632010,hybrisHTTP18,sun.misc.Unsafe.park(Native,WAITING
1420632010,hybrisHTTP19,de.hybris.platform.servicelayer.web.SessionFilter.getJaloSession(SessionFilter.java:203),BLOCKED
1420632010,hybrisHTTP2,sun.misc.Unsafe.park(Native,WAITING
1420632010,hybrisHTTP20,sun.misc.Unsafe.park(Native,WAITING
1420632010,hybrisHTTP21,sun.misc.Unsafe.park(Native,WAITING
1420632010,hybrisHTTP22,sun.misc.Unsafe.park(Native,WAITING
1420632010,hybrisHTTP23,sun.misc.Unsafe.park(Native,WAITING
1420632010,hybrisHTTP24,java.lang.Object.wait(Native,TIMED_WAITING
1420632010,hybrisHTTP25,java.lang.Object.wait(Native,TIMED_WAITING
1420632010,hybrisHTTP26,sun.misc.Unsafe.park(Native,WAITING
1420632010,hybrisHTTP27,sun.misc.Unsafe.park(Native,WAITING
1420632010,hybrisHTTP28,sun.misc.Unsafe.park(Native,WAITING
1420632010,hybrisHTTP29,java.net.SocketInputStream.socketRead0(Native,RUNNABLE
1420632010,hybrisHTTP3,sun.misc.Unsafe.park(Native,WAITING
1420632010,hybrisHTTP30,sun.misc.Unsafe.park(Native,WAITING
1420632010,hybrisHTTP31,sun.misc.Unsafe.park(Native,WAITING
1420632010,hybrisHTTP32,sun.misc.Unsafe.park(Native,WAITING
1420632010,hybrisHTTP33,sun.misc.Unsafe.park(Native,WAITING
1420632010,hybrisHTTP34,sun.misc.Unsafe.park(Native,WAITING
1420632010,hybrisHTTP35,sun.misc.Unsafe.park(Native,WAITING
1420632010,hybrisHTTP36,sun.misc.Unsafe.park(Native,WAITING
1420632010,hybrisHTTP37,sun.misc.Unsafe.park(Native,WAITING
1420632010,hybrisHTTP38,de.hybris.platform.servicelayer.web.SessionFilter.getJaloSession(SessionFilter.java:203),BLOCKED
1420632010,hybrisHTTP39,sun.misc.Unsafe.park(Native,WAITING
1420632010,hybrisHTTP4,sun.misc.Unsafe.park(Native,WAITING
1420632010,hybrisHTTP40,sun.misc.Unsafe.park(Native,WAITING
1420632010,hybrisHTTP41,sun.misc.Unsafe.park(Native,WAITING
1420632010,hybrisHTTP42,sun.misc.Unsafe.park(Native,WAITING
1420632010,hybrisHTTP43,java.net.SocketInputStream.socketRead0(Native,RUNNABLE
1420632010,hybrisHTTP44,sun.misc.Unsafe.park(Native,WAITING
1420632010,hybrisHTTP45,sun.misc.Unsafe.park(Native,WAITING
1420632010,hybrisHTTP46,sun.misc.Unsafe.park(Native,WAITING
1420632010,hybrisHTTP47,sun.misc.Unsafe.park(Native,WAITING
1420632010,hybrisHTTP48,sun.misc.Unsafe.park(Native,WAITING
1420632010,hybrisHTTP49,sun.misc.Unsafe.park(Native,WAITING
1420632010,hybrisHTTP5,sun.misc.Unsafe.park(Native,WAITING
1420632010,hybrisHTTP50,sun.misc.Unsafe.park(Native,WAITING
1420632010,hybrisHTTP6,sun.misc.Unsafe.park(Native,WAITING
1420632010,hybrisHTTP7,de.hybris.platform.servicelayer.web.SessionFilter.getJaloSession(SessionFilter.java:203),BLOCKED
1420632010,hybrisHTTP8,sun.misc.Unsafe.park(Native,WAITING
1420632010,hybrisHTTP9,sun.misc.Unsafe.park(Native,WAITING
1420632010,Java2D Disposer,java.lang.Object.wait(Native,WAITING
1420632010,net.sf.ehcache.CacheManager@14045b41,java.lang.Object.wait(Native,WAITING
1420632010,Ping Timer,java.lang.Object.wait(Native,TIMED_WAITING
1420632010,PooledThread[0],java.lang.Object.wait(Native,WAITING
1420632010,PooledThread[1],java.lang.Object.wait(Native,WAITING
1420632010,PooledThread[10],java.lang.Object.wait(Native,WAITING
1420632010,PooledThread[100],java.lang.Object.wait(Native,WAITING
1420632010,PooledThread[101],java.lang.Object.wait(Native,WAITING
1420632010,PooledThread[102],java.lang.Object.wait(Native,WAITING
1420632010,PooledThread[103],java.lang.Object.wait(Native,WAITING
1420632010,PooledThread[104],java.lang.Object.wait(Native,WAITING
1420632010,PooledThread[105],java.lang.Object.wait(Native,WAITING
1420632010,PooledThread[106],java.lang.Object.wait(Native,WAITING
1420632010,PooledThread[107],java.lang.Object.wait(Native,WAITING
1420632010,PooledThread[11],java.lang.Object.wait(Native,WAITING
1420632010,PooledThread[12],java.lang.Object.wait(Native,WAITING
1420632010,PooledThread[13],java.lang.Object.wait(Native,WAITING
1420632010,PooledThread[14],java.lang.Object.wait(Native,WAITING
1420632010,PooledThread[15],java.lang.Object.wait(Native,WAITING
1420632010,PooledThread[16],java.lang.Object.wait(Native,WAITING
1420632010,PooledThread[17],java.lang.Object.wait(Native,WAITING
1420632010,PooledThread[18],java.lang.Object.wait(Native,WAITING
1420632010,PooledThread[19],java.lang.Object.wait(Native,WAITING
1420632010,PooledThread[2],java.lang.Object.wait(Native,WAITING
1420632010,PooledThread[20],java.lang.Object.wait(Native,WAITING
1420632010,PooledThread[21],java.lang.Object.wait(Native,WAITING
1420632010,PooledThread[22],java.lang.Object.wait(Native,WAITING
1420632010,PooledThread[23],java.lang.Object.wait(Native,WAITING
1420632010,PooledThread[24],java.lang.Object.wait(Native,WAITING
1420632010,PooledThread[25],java.lang.Object.wait(Native,WAITING
1420632010,PooledThread[26],java.lang.Object.wait(Native,WAITING
1420632010,PooledThread[27],java.lang.Object.wait(Native,WAITING
1420632010,PooledThread[28],java.lang.Object.wait(Native,WAITING
1420632010,PooledThread[29],java.lang.Object.wait(Native,WAITING
1420632010,PooledThread[3],java.lang.Object.wait(Native,WAITING
1420632010,PooledThread[30],java.lang.Object.wait(Native,WAITING
1420632010,PooledThread[31],java.lang.Object.wait(Native,WAITING
1420632010,PooledThread[32],java.lang.Object.wait(Native,WAITING
1420632010,PooledThread[33],java.lang.Object.wait(Native,WAITING
1420632010,PooledThread[34],java.lang.Object.wait(Native,WAITING
1420632010,PooledThread[35],java.lang.Object.wait(Native,WAITING
1420632010,PooledThread[36],java.lang.Object.wait(Native,WAITING
1420632010,PooledThread[37],java.lang.Object.wait(Native,WAITING
1420632010,PooledThread[38],java.lang.Object.wait(Native,WAITING
1420632010,PooledThread[39],java.lang.Object.wait(Native,WAITING
1420632010,PooledThread[4],java.lang.Object.wait(Native,WAITING
1420632010,PooledThread[40],java.lang.Object.wait(Native,WAITING
1420632010,PooledThread[41],java.lang.Object.wait(Native,WAITING
1420632010,PooledThread[42],java.lang.Object.wait(Native,WAITING
1420632010,PooledThread[43],java.lang.Object.wait(Native,WAITING
1420632010,PooledThread[44],java.lang.Object.wait(Native,WAITING
1420632010,PooledThread[45],java.lang.Object.wait(Native,WAITING
1420632010,PooledThread[46],java.lang.Object.wait(Native,WAITING
1420632010,PooledThread[47],java.lang.Object.wait(Native,WAITING
1420632010,PooledThread[48],java.lang.Object.wait(Native,WAITING
1420632010,PooledThread[49],java.lang.Object.wait(Native,WAITING
1420632010,PooledThread[5],java.lang.Object.wait(Native,WAITING
1420632010,PooledThread[50],java.lang.Object.wait(Native,WAITING
1420632010,PooledThread[51],java.lang.Object.wait(Native,WAITING
1420632010,PooledThread[52],java.lang.Object.wait(Native,WAITING
1420632010,PooledThread[53],java.lang.Object.wait(Native,WAITING
1420632010,PooledThread[54],java.lang.Object.wait(Native,WAITING
1420632010,PooledThread[55],java.lang.Object.wait(Native,WAITING
1420632010,PooledThread[56],java.lang.Object.wait(Native,WAITING
1420632010,PooledThread[57],java.lang.Object.wait(Native,WAITING
1420632010,PooledThread[58],java.lang.Object.wait(Native,WAITING
1420632010,PooledThread[59],java.lang.Object.wait(Native,WAITING
1420632010,PooledThread[6],java.lang.Object.wait(Native,WAITING
1420632010,PooledThread[60],java.lang.Object.wait(Native,WAITING
1420632010,PooledThread[61],java.lang.Object.wait(Native,WAITING
1420632010,PooledThread[62],java.lang.Object.wait(Native,WAITING
1420632010,PooledThread[63],java.lang.Object.wait(Native,WAITING
1420632010,PooledThread[64],java.lang.Object.wait(Native,WAITING
1420632010,PooledThread[65],java.lang.Object.wait(Native,WAITING
1420632010,PooledThread[66],java.lang.Object.wait(Native,WAITING
1420632010,PooledThread[67],java.lang.Object.wait(Native,WAITING
1420632010,PooledThread[68],java.lang.Object.wait(Native,WAITING
1420632010,PooledThread[69],java.lang.Object.wait(Native,WAITING
1420632010,PooledThread[7],java.lang.Object.wait(Native,WAITING
1420632010,PooledThread[70],java.lang.Object.wait(Native,WAITING
1420632010,PooledThread[71],java.lang.Object.wait(Native,WAITING
1420632010,PooledThread[72],java.lang.Object.wait(Native,WAITING
1420632010,PooledThread[73],java.lang.Object.wait(Native,WAITING
1420632010,PooledThread[74],java.lang.Object.wait(Native,WAITING
1420632010,PooledThread[75],java.lang.Object.wait(Native,WAITING
1420632010,PooledThread[76],java.lang.Object.wait(Native,WAITING
1420632010,PooledThread[77],java.lang.Object.wait(Native,WAITING
1420632010,PooledThread[78],java.lang.Object.wait(Native,WAITING
1420632010,PooledThread[79],java.lang.Object.wait(Native,WAITING
1420632010,PooledThread[8],java.lang.Object.wait(Native,WAITING
1420632010,PooledThread[80],java.lang.Object.wait(Native,WAITING
1420632010,PooledThread[81],java.lang.Object.wait(Native,WAITING
1420632010,PooledThread[82],java.lang.Object.wait(Native,WAITING
1420632010,PooledThread[83],java.lang.Object.wait(Native,WAITING
1420632010,PooledThread[84],java.lang.Object.wait(Native,WAITING
1420632010,PooledThread[85],java.lang.Object.wait(Native,WAITING
1420632010,PooledThread[86],java.lang.Object.wait(Native,WAITING
1420632010,PooledThread[87],java.lang.Object.wait(Native,WAITING
1420632010,PooledThread[88],java.lang.Object.wait(Native,WAITING
1420632010,PooledThread[89],java.lang.Object.wait(Native,WAITING
1420632010,PooledThread[9],java.lang.Object.wait(Native,WAITING
1420632010,PooledThread[90],java.lang.Object.wait(Native,WAITING
1420632010,PooledThread[91],java.lang.Object.wait(Native,WAITING
1420632010,PooledThread[92],java.lang.Object.wait(Native,WAITING
1420632010,PooledThread[93],java.lang.Object.wait(Native,WAITING
1420632010,PooledThread[94],java.lang.Object.wait(Native,WAITING
1420632010,PooledThread[95],java.lang.Object.wait(Native,WAITING
1420632010,PooledThread[96],java.lang.Object.wait(Native,WAITING
1420632010,PooledThread[97],java.lang.Object.wait(Native,WAITING
1420632010,PooledThread[98],java.lang.Object.wait(Native,WAITING
1420632010,PooledThread[99],java.lang.Object.wait(Native,WAITING
1420632010,PooledThread<<master>>[975],java.lang.Object.wait(Native,WAITING
1420632010,PooledThread<<master>>[977],java.lang.Object.wait(Native,WAITING
1420632010,Reference Handler,java.lang.Object.wait(Native,WAITING
1420632010,RMI Reaper,java.lang.Object.wait(Native,WAITING
1420632010,RMI RenewClean-[127.0.0.1:9004],java.lang.Object.wait(Native,TIMED_WAITING
1420632010,RMI Scheduler(0),sun.misc.Unsafe.park(Native,TIMED_WAITING
1420632010,RMI TCP Accept-0,java.net.PlainSocketImpl.socketAccept(Native,RUNNABLE
1420632010,RMI TCP Accept-9004,java.net.PlainSocketImpl.socketAccept(Native,RUNNABLE
1420632010,Service Thread,,RUNNABLE
1420632010,Signal Dispatcher,,RUNNABLE
1420632010,Surrogate Locker Thread (Concurrent GC),,RUNNABLE
1420632010,Task-master-poll,java.lang.Object.wait(Native,TIMED_WAITING
1420632010,task-scheduler-1,sun.misc.Unsafe.park(Native,WAITING
1420632010,task-scheduler-10,sun.misc.Unsafe.park(Native,WAITING
1420632010,task-scheduler-2,sun.misc.Unsafe.park(Native,WAITING
1420632010,task-scheduler-3,sun.misc.Unsafe.park(Native,WAITING
1420632010,task-scheduler-4,sun.misc.Unsafe.park(Native,WAITING
1420632010,task-scheduler-5,sun.misc.Unsafe.park(Native,WAITING
1420632010,task-scheduler-6,sun.misc.Unsafe.park(Native,WAITING
1420632010,task-scheduler-7,sun.misc.Unsafe.park(Native,WAITING
1420632010,task-scheduler-8,sun.misc.Unsafe.park(Native,WAITING
1420632010,task-scheduler-9,sun.misc.Unsafe.park(Native,TIMED_WAITING
1420632010,Thread-112,java.lang.Object.wait(Native,WAITING
1420632010,Thread-1270,java.lang.Object.wait(Native,WAITING
1420632010,Thread-1277,java.lang.Object.wait(Native,WAITING
1420632010,Thread-1283,java.lang.Object.wait(Native,WAITING
1420632010,Thread-18276,java.lang.Object.wait(Native,WAITING
1420632010,Thread-18573,java.lang.Object.wait(Native,WAITING
1420632010,Thread-33,java.lang.Thread.sleep(Native,TIMED_WAITING
1420632010,Thread-34,java.lang.Thread.sleep(Native,TIMED_WAITING
1420632010,Thread-40,org.springframework.web.context.request.SessionScope.get(SessionScope.java:91),BLOCKED
1420632010,Thread-41,java.lang.Object.wait(Native,WAITING
1420632010,Thread-43,java.lang.Object.wait(Native,WAITING
1420632010,Thread-43425,java.lang.Object.wait(Native,WAITING
1420632010,Thread-43426,java.lang.Object.wait(Native,WAITING
1420632010,Thread-6,java.lang.Object.wait(Native,WAITING
1420632010,Timer-0,java.lang.Object.wait(Native,TIMED_WAITING
1420632010,Timer-1,java.lang.Object.wait(Native,WAITING
1420632010,Unicast Distributed Cache Server,java.net.PlainDatagramSocketImpl.receive0(Native,RUNNABLE
1420632010,VM Periodic Task Thread,global,
1420632010,VM Thread,worker#0,
1420632010,Wrapper-Connection,java.net.SocketInputStream.socketRead0(Native,RUNNABLE
1420632010,Wrapper-Control-Event-Monitor,java.lang.Thread.sleep(Native,TIMED_WAITING
1420632010,WrapperSimpleAppMain,java.lang.Thread.sleep(Native,TIMED_WAITING
1420632000,Abandoned connection cleanup thread,java.lang.Object.wait(Native,TIMED_WAITING
1420632000,AfterSaveEventPublisher-master,java.lang.Thread.sleep(Native,TIMED_WAITING
1420632000,ajp-bio-8009-Acceptor-0,java.net.PlainSocketImpl.socketAccept(Native,RUNNABLE
1420632000,ajp-bio-8009-AsyncTimeout,java.lang.Thread.sleep(Native,TIMED_WAITING
1420632000,ajp-bio-8009-exec-12,sun.misc.Unsafe.park(Native,WAITING
1420632000,ajp-bio-8009-exec-15,sun.misc.Unsafe.park(Native,WAITING
1420632000,ajp-bio-8009-exec-2,sun.misc.Unsafe.park(Native,WAITING
1420632000,ajp-bio-8009-exec-26,sun.misc.Unsafe.park(Native,WAITING
1420632000,ajp-bio-8009-exec-27,sun.misc.Unsafe.park(Native,WAITING
1420632000,ajp-bio-8009-exec-28,sun.misc.Unsafe.park(Native,WAITING
1420632000,ajp-bio-8009-exec-30,sun.misc.Unsafe.park(Native,WAITING
1420632000,ajp-bio-8009-exec-31,sun.misc.Unsafe.park(Native,WAITING
1420632000,ajp-bio-8009-exec-6,sun.misc.Unsafe.park(Native,WAITING
1420632000,ajp-bio-8009-exec-7,sun.misc.Unsafe.park(Native,WAITING
1420632000,ajp-bio-8010-Acceptor-0,java.net.PlainSocketImpl.socketAccept(Native,RUNNABLE
1420632000,ajp-bio-8010-AsyncTimeout,java.lang.Thread.sleep(Native,TIMED_WAITING
1420632000,ajp-bio-8010-exec-301,java.net.SocketInputStream.socketRead0(Native,RUNNABLE
1420632000,ajp-bio-8010-exec-471,sun.misc.Unsafe.park(Native,WAITING
1420632000,ajp-bio-8010-exec-474,java.net.SocketInputStream.socketRead0(Native,RUNNABLE
1420632000,ajp-bio-8010-exec-477,sun.misc.Unsafe.park(Native,WAITING
1420632000,ajp-bio-8010-exec-488,sun.misc.Unsafe.park(Native,WAITING
1420632000,ajp-bio-8010-exec-489,sun.misc.Unsafe.park(Native,WAITING
1420632000,ajp-bio-8010-exec-490,sun.misc.Unsafe.park(Native,WAITING
1420632000,ajp-bio-8010-exec-491,java.net.SocketInputStream.socketRead0(Native,RUNNABLE
1420632000,ajp-bio-8010-exec-494,sun.misc.Unsafe.park(Native,WAITING
1420632000,ajp-bio-8010-exec-496,java.net.SocketInputStream.socketRead0(Native,RUNNABLE
1420632000,Attach Listener,,RUNNABLE
1420632000,BroadcastSender-100,sun.misc.Unsafe.park(Native,WAITING
1420632000,BroadcastSender-108,sun.misc.Unsafe.park(Native,WAITING
1420632000,BroadcastSender-109,sun.misc.Unsafe.park(Native,WAITING
1420632000,BroadcastSender-115,sun.misc.Unsafe.park(Native,WAITING
1420632000,BroadcastSender-120,sun.misc.Unsafe.park(Native,WAITING
1420632000,BroadcastSender-125,sun.misc.Unsafe.park(Native,WAITING
1420632000,BroadcastSender-126,sun.misc.Unsafe.park(Native,WAITING
1420632000,BroadcastSender-128,sun.misc.Unsafe.park(Native,WAITING
1420632000,BroadcastSender-88,sun.misc.Unsafe.park(Native,WAITING
1420632000,BroadcastSender-98,sun.misc.Unsafe.park(Native,WAITING
1420632000,C2 CompilerThread0,,RUNNABLE
1420632000,C2 CompilerThread1,,RUNNABLE
1420632000,Concurrent Mark-Sweep GC Thread,,Periodic
1420632000,ContainerBackgroundProcessor[StandardEngine[Catalina]],,
1420632000,CronJob Timer master,java.lang.Object.wait(Native,TIMED_WAITING
1420632000,DestroyJavaVM,,RUNNABLE
1420632000,Finalizer,ownable,
1420632000,Gang worker#0 (Parallel GC Threads),worker#1,
1420632000,Gang worker#1 (Parallel GC Threads),worker#2,
1420632000,Gang worker#2 (Parallel GC Threads),worker#3,
1420632000,Gang worker#3 (Parallel GC Threads),Mark-Sweep,
1420632000,GC Daemon,java.lang.Object.wait(Native,TIMED_WAITING
1420632000,http-bio-9001-Acceptor-0,java.net.PlainSocketImpl.socketAccept(Native,RUNNABLE
1420632000,http-bio-9001-AsyncTimeout,java.lang.Thread.sleep(Native,TIMED_WAITING
1420632000,http-bio-9002-Acceptor-0,java.net.PlainSocketImpl.socketAccept(Native,RUNNABLE
1420632000,http-bio-9002-AsyncTimeout,java.lang.Thread.sleep(Native,TIMED_WAITING
1420632000,hybrisHTTP1,de.hybris.platform.servicelayer.web.SessionFilter.getJaloSession(SessionFilter.java:203),BLOCKED
1420632000,hybrisHTTP10,java.net.SocketInputStream.socketRead0(Native,RUNNABLE
1420632000,hybrisHTTP11,sun.misc.Unsafe.park(Native,WAITING
1420632000,hybrisHTTP12,sun.misc.Unsafe.park(Native,WAITING
1420632000,hybrisHTTP13,sun.misc.Unsafe.park(Native,WAITING
1420632000,hybrisHTTP14,sun.misc.Unsafe.park(Native,WAITING
1420632000,hybrisHTTP15,sun.misc.Unsafe.park(Native,WAITING
1420632000,hybrisHTTP16,sun.misc.Unsafe.park(Native,WAITING
1420632000,hybrisHTTP17,sun.misc.Unsafe.park(Native,WAITING
1420632000,hybrisHTTP18,sun.misc.Unsafe.park(Native,WAITING
1420632000,hybrisHTTP19,de.hybris.platform.servicelayer.web.SessionFilter.getJaloSession(SessionFilter.java:203),BLOCKED
1420632000,hybrisHTTP2,sun.misc.Unsafe.park(Native,WAITING
1420632000,hybrisHTTP20,sun.misc.Unsafe.park(Native,WAITING
1420632000,hybrisHTTP21,sun.misc.Unsafe.park(Native,WAITING
1420632000,hybrisHTTP22,sun.misc.Unsafe.park(Native,WAITING
1420632000,hybrisHTTP23,sun.misc.Unsafe.park(Native,WAITING
1420632000,hybrisHTTP24,java.lang.Object.wait(Native,TIMED_WAITING
1420632000,hybrisHTTP25,java.lang.Object.wait(Native,TIMED_WAITING
1420632000,hybrisHTTP26,sun.misc.Unsafe.park(Native,WAITING
1420632000,hybrisHTTP27,sun.misc.Unsafe.park(Native,WAITING
1420632000,hybrisHTTP28,sun.misc.Unsafe.park(Native,WAITING
1420632000,hybrisHTTP29,sun.misc.Unsafe.park(Native,WAITING
1420632000,hybrisHTTP3,sun.misc.Unsafe.park(Native,WAITING
1420632000,hybrisHTTP30,sun.misc.Unsafe.park(Native,WAITING
1420632000,hybrisHTTP31,java.net.SocketInputStream.socketRead0(Native,RUNNABLE
1420632000,hybrisHTTP32,sun.misc.Unsafe.park(Native,WAITING
1420632000,hybrisHTTP33,sun.misc.Unsafe.park(Native,WAITING
1420632000,hybrisHTTP34,sun.misc.Unsafe.park(Native,WAITING
1420632000,hybrisHTTP35,sun.misc.Unsafe.park(Native,WAITING
1420632000,hybrisHTTP36,sun.misc.Unsafe.park(Native,WAITING
1420632000,hybrisHTTP37,sun.misc.Unsafe.park(Native,WAITING
1420632000,hybrisHTTP38,de.hybris.platform.servicelayer.web.SessionFilter.getJaloSession(SessionFilter.java:203),BLOCKED
1420632000,hybrisHTTP39,sun.misc.Unsafe.park(Native,WAITING
1420632000,hybrisHTTP4,sun.misc.Unsafe.park(Native,WAITING
1420632000,hybrisHTTP40,sun.misc.Unsafe.park(Native,WAITING
1420632000,hybrisHTTP41,sun.misc.Unsafe.park(Native,WAITING
1420632000,hybrisHTTP42,sun.misc.Unsafe.park(Native,WAITING
1420632000,hybrisHTTP43,sun.misc.Unsafe.park(Native,WAITING
1420632000,hybrisHTTP44,sun.misc.Unsafe.park(Native,WAITING
1420632000,hybrisHTTP45,sun.misc.Unsafe.park(Native,WAITING
1420632000,hybrisHTTP46,sun.misc.Unsafe.park(Native,WAITING
1420632000,hybrisHTTP47,sun.misc.Unsafe.park(Native,WAITING
1420632000,hybrisHTTP48,sun.misc.Unsafe.park(Native,WAITING
1420632000,hybrisHTTP49,sun.misc.Unsafe.park(Native,WAITING
1420632000,hybrisHTTP5,sun.misc.Unsafe.park(Native,WAITING
1420632000,hybrisHTTP50,sun.misc.Unsafe.park(Native,WAITING
1420632000,hybrisHTTP6,sun.misc.Unsafe.park(Native,WAITING
1420632000,hybrisHTTP7,de.hybris.platform.servicelayer.web.SessionFilter.getJaloSession(SessionFilter.java:203),BLOCKED
1420632000,hybrisHTTP8,sun.misc.Unsafe.park(Native,WAITING
1420632000,hybrisHTTP9,sun.misc.Unsafe.park(Native,WAITING
1420632000,Java2D Disposer,java.lang.Object.wait(Native,WAITING
1420632000,net.sf.ehcache.CacheManager@14045b41,java.lang.Object.wait(Native,WAITING
1420632000,Ping Timer,java.lang.Object.wait(Native,TIMED_WAITING
1420632000,PooledThread[0],java.lang.Object.wait(Native,WAITING
1420632000,PooledThread[1],java.lang.Object.wait(Native,WAITING
1420632000,PooledThread[10],java.lang.Object.wait(Native,WAITING
1420632000,PooledThread[100],java.lang.Object.wait(Native,WAITING
1420632000,PooledThread[101],java.lang.Object.wait(Native,WAITING
1420632000,PooledThread[102],java.lang.Object.wait(Native,WAITING
1420632000,PooledThread[103],java.lang.Object.wait(Native,WAITING
1420632000,PooledThread[104],java.lang.Object.wait(Native,WAITING
1420632000,PooledThread[105],java.lang.Object.wait(Native,WAITING
1420632000,PooledThread[106],java.lang.Object.wait(Native,WAITING
1420632000,PooledThread[107],java.lang.Object.wait(Native,WAITING
1420632000,PooledThread[11],java.lang.Object.wait(Native,WAITING
1420632000,PooledThread[12],java.lang.Object.wait(Native,WAITING
1420632000,PooledThread[13],java.lang.Object.wait(Native,WAITING
1420632000,PooledThread[14],java.lang.Object.wait(Native,WAITING
1420632000,PooledThread[15],java.lang.Object.wait(Native,WAITING
1420632000,PooledThread[16],java.lang.Object.wait(Native,WAITING
1420632000,PooledThread[17],java.lang.Object.wait(Native,WAITING
1420632000,PooledThread[18],java.lang.Object.wait(Native,WAITING
1420632000,PooledThread[19],java.lang.Object.wait(Native,WAITING
1420632000,PooledThread[2],java.lang.Object.wait(Native,WAITING
1420632000,PooledThread[20],java.lang.Object.wait(Native,WAITING
1420632000,PooledThread[21],java.lang.Object.wait(Native,WAITING
1420632000,PooledThread[22],java.lang.Object.wait(Native,WAITING
1420632000,PooledThread[23],java.lang.Object.wait(Native,WAITING
1420632000,PooledThread[24],java.lang.Object.wait(Native,WAITING
1420632000,PooledThread[25],java.lang.Object.wait(Native,WAITING
1420632000,PooledThread[26],java.lang.Object.wait(Native,WAITING
1420632000,PooledThread[27],java.lang.Object.wait(Native,WAITING
1420632000,PooledThread[28],java.lang.Object.wait(Native,WAITING
1420632000,PooledThread[29],java.lang.Object.wait(Native,WAITING
1420632000,PooledThread[3],java.lang.Object.wait(Native,WAITING
1420632000,PooledThread[30],java.lang.Object.wait(Native,WAITING
1420632000,PooledThread[31],java.lang.Object.wait(Native,WAITING
1420632000,PooledThread[32],java.lang.Object.wait(Native,WAITING
1420632000,PooledThread[33],java.lang.Object.wait(Native,WAITING
1420632000,PooledThread[34],java.lang.Object.wait(Native,WAITING
1420632000,PooledThread[35],java.lang.Object.wait(Native,WAITING
1420632000,PooledThread[36],java.lang.Object.wait(Native,WAITING
1420632000,PooledThread[37],java.lang.Object.wait(Native,WAITING
1420632000,PooledThread[38],java.lang.Object.wait(Native,WAITING
1420632000,PooledThread[39],java.lang.Object.wait(Native,WAITING
1420632000,PooledThread[4],java.lang.Object.wait(Native,WAITING
1420632000,PooledThread[40],java.lang.Object.wait(Native,WAITING
1420632000,PooledThread[41],java.lang.Object.wait(Native,WAITING
1420632000,PooledThread[42],java.lang.Object.wait(Native,WAITING
1420632000,PooledThread[43],java.lang.Object.wait(Native,WAITING
1420632000,PooledThread[44],java.lang.Object.wait(Native,WAITING
1420632000,PooledThread[45],java.lang.Object.wait(Native,WAITING
1420632000,PooledThread[46],java.lang.Object.wait(Native,WAITING
1420632000,PooledThread[47],java.lang.Object.wait(Native,WAITING
1420632000,PooledThread[48],java.lang.Object.wait(Native,WAITING
1420632000,PooledThread[49],java.lang.Object.wait(Native,WAITING
1420632000,PooledThread[5],java.lang.Object.wait(Native,WAITING
1420632000,PooledThread[50],java.lang.Object.wait(Native,WAITING
1420632000,PooledThread[51],java.lang.Object.wait(Native,WAITING
1420632000,PooledThread[52],java.lang.Object.wait(Native,WAITING
1420632000,PooledThread[53],java.lang.Object.wait(Native,WAITING
1420632000,PooledThread[54],java.lang.Object.wait(Native,WAITING
1420632000,PooledThread[55],java.lang.Object.wait(Native,WAITING
1420632000,PooledThread[56],java.lang.Object.wait(Native,WAITING
1420632000,PooledThread[57],java.lang.Object.wait(Native,WAITING
1420632000,PooledThread[58],java.lang.Object.wait(Native,WAITING
1420632000,PooledThread[59],java.lang.Object.wait(Native,WAITING
1420632000,PooledThread[6],java.lang.Object.wait(Native,WAITING
1420632000,PooledThread[60],java.lang.Object.wait(Native,WAITING
1420632000,PooledThread[61],java.lang.Object.wait(Native,WAITING
1420632000,PooledThread[62],java.lang.Object.wait(Native,WAITING
1420632000,PooledThread[63],java.lang.Object.wait(Native,WAITING
1420632000,PooledThread[64],java.lang.Object.wait(Native,WAITING
1420632000,PooledThread[65],java.lang.Object.wait(Native,WAITING
1420632000,PooledThread[66],java.lang.Object.wait(Native,WAITING
1420632000,PooledThread[67],java.lang.Object.wait(Native,WAITING
1420632000,PooledThread[68],java.lang.Object.wait(Native,WAITING
1420632000,PooledThread[69],java.lang.Object.wait(Native,WAITING
1420632000,PooledThread[7],java.lang.Object.wait(Native,WAITING
1420632000,PooledThread[70],java.lang.Object.wait(Native,WAITING
1420632000,PooledThread[71],java.lang.Object.wait(Native,WAITING
1420632000,PooledThread[72],java.lang.Object.wait(Native,WAITING
1420632000,PooledThread[73],java.lang.Object.wait(Native,WAITING
1420632000,PooledThread[74],java.lang.Object.wait(Native,WAITING
1420632000,PooledThread[75],java.lang.Object.wait(Native,WAITING
1420632000,PooledThread[76],java.lang.Object.wait(Native,WAITING
1420632000,PooledThread[77],java.lang.Object.wait(Native,WAITING
1420632000,PooledThread[78],java.lang.Object.wait(Native,WAITING
1420632000,PooledThread[79],java.lang.Object.wait(Native,WAITING
1420632000,PooledThread[8],java.lang.Object.wait(Native,WAITING
1420632000,PooledThread[80],java.lang.Object.wait(Native,WAITING
1420632000,PooledThread[81],java.lang.Object.wait(Native,WAITING
1420632000,PooledThread[82],java.lang.Object.wait(Native,WAITING
1420632000,PooledThread[83],java.lang.Object.wait(Native,WAITING
1420632000,PooledThread[84],java.lang.Object.wait(Native,WAITING
1420632000,PooledThread[85],java.lang.Object.wait(Native,WAITING
1420632000,PooledThread[86],java.lang.Object.wait(Native,WAITING
1420632000,PooledThread[87],java.lang.Object.wait(Native,WAITING
1420632000,PooledThread[88],java.lang.Object.wait(Native,WAITING
1420632000,PooledThread[89],java.lang.Object.wait(Native,WAITING
1420632000,PooledThread[9],java.lang.Object.wait(Native,WAITING
1420632000,PooledThread[90],java.lang.Object.wait(Native,WAITING
1420632000,PooledThread[91],java.lang.Object.wait(Native,WAITING
1420632000,PooledThread[92],java.lang.Object.wait(Native,WAITING
1420632000,PooledThread[93],java.lang.Object.wait(Native,WAITING
1420632000,PooledThread[94],java.lang.Object.wait(Native,WAITING
1420632000,PooledThread[95],java.lang.Object.wait(Native,WAITING
1420632000,PooledThread[96],java.lang.Object.wait(Native,WAITING
1420632000,PooledThread[97],java.lang.Object.wait(Native,WAITING
1420632000,PooledThread[98],java.lang.Object.wait(Native,WAITING
1420632000,PooledThread[99],java.lang.Object.wait(Native,WAITING
1420632000,PooledThread<<master>>[975],java.lang.Object.wait(Native,WAITING
1420632000,PooledThread<<master>>[977],java.lang.Object.wait(Native,WAITING
1420632000,Reference Handler,java.lang.Object.wait(Native,WAITING
1420632000,RMI Reaper,java.lang.Object.wait(Native,WAITING
1420632000,RMI RenewClean-[127.0.0.1:9004],java.lang.Object.wait(Native,TIMED_WAITING
1420632000,RMI Scheduler(0),sun.misc.Unsafe.park(Native,TIMED_WAITING
1420632000,RMI TCP Accept-0,java.net.PlainSocketImpl.socketAccept(Native,RUNNABLE
1420632000,RMI TCP Accept-9004,java.net.PlainSocketImpl.socketAccept(Native,RUNNABLE
1420632000,Service Thread,,RUNNABLE
1420632000,Signal Dispatcher,,RUNNABLE
1420632000,Surrogate Locker Thread (Concurrent GC),,RUNNABLE
1420632000,Task-master-poll,java.lang.Object.wait(Native,TIMED_WAITING
1420632000,task-scheduler-1,sun.misc.Unsafe.park(Native,WAITING
1420632000,task-scheduler-10,sun.misc.Unsafe.park(Native,WAITING
1420632000,task-scheduler-2,sun.misc.Unsafe.park(Native,WAITING
1420632000,task-scheduler-3,sun.misc.Unsafe.park(Native,WAITING
1420632000,task-scheduler-4,sun.misc.Unsafe.park(Native,WAITING
1420632000,task-scheduler-5,sun.misc.Unsafe.park(Native,WAITING
1420632000,task-scheduler-6,sun.misc.Unsafe.park(Native,WAITING
1420632000,task-scheduler-7,sun.misc.Unsafe.park(Native,WAITING
1420632000,task-scheduler-8,sun.misc.Unsafe.park(Native,WAITING
1420632000,task-scheduler-9,sun.misc.Unsafe.park(Native,TIMED_WAITING
1420632000,Thread-112,java.lang.Object.wait(Native,WAITING
1420632000,Thread-1270,java.lang.Object.wait(Native,WAITING
1420632000,Thread-1277,java.lang.Object.wait(Native,WAITING
1420632000,Thread-1283,java.lang.Object.wait(Native,WAITING
1420632000,Thread-18276,java.lang.Object.wait(Native,WAITING
1420632000,Thread-18573,java.lang.Object.wait(Native,WAITING
1420632000,Thread-33,java.lang.Thread.sleep(Native,TIMED_WAITING
1420632000,Thread-34,java.lang.Thread.sleep(Native,TIMED_WAITING
1420632000,Thread-40,org.springframework.web.context.request.SessionScope.get(SessionScope.java:91),BLOCKED
1420632000,Thread-41,java.lang.Object.wait(Native,WAITING
1420632000,Thread-43,java.lang.Object.wait(Native,WAITING
1420632000,Thread-43425,java.lang.Object.wait(Native,WAITING
1420632000,Thread-43426,java.lang.Object.wait(Native,WAITING
1420632000,Thread-6,java.lang.Object.wait(Native,WAITING
1420632000,Timer-0,java.lang.Object.wait(Native,TIMED_WAITING
1420632000,Timer-1,java.lang.Object.wait(Native,WAITING
1420632000,Unicast Distributed Cache Server,java.net.PlainDatagramSocketImpl.receive0(Native,RUNNABLE
1420632000,VM Periodic Task Thread,global,
1420632000,VM Thread,worker#0,
1420632000,Wrapper-Connection,java.net.SocketInputStream.socketRead0(Native,RUNNABLE
1420632000,Wrapper-Control-Event-Monitor,java.lang.Thread.sleep(Native,TIMED_WAITING
1420632000,WrapperSimpleAppMain,java.lang.Thread.sleep(Native,TIMED_WAITING
1420632005,Abandoned connection cleanup thread,java.lang.Object.wait(Native,TIMED_WAITING
1420632005,AfterSaveEventPublisher-master,java.lang.Thread.sleep(Native,TIMED_WAITING
1420632005,ajp-bio-8009-Acceptor-0,java.net.PlainSocketImpl.socketAccept(Native,RUNNABLE
1420632005,ajp-bio-8009-AsyncTimeout,java.lang.Thread.sleep(Native,TIMED_WAITING
1420632005,ajp-bio-8009-exec-12,sun.misc.Unsafe.park(Native,WAITING
1420632005,ajp-bio-8009-exec-15,sun.misc.Unsafe.park(Native,WAITING
1420632005,ajp-bio-8009-exec-2,sun.misc.Unsafe.park(Native,WAITING
1420632005,ajp-bio-8009-exec-26,sun.misc.Unsafe.park(Native,WAITING
1420632005,ajp-bio-8009-exec-27,sun.misc.Unsafe.park(Native,WAITING
1420632005,ajp-bio-8009-exec-28,sun.misc.Unsafe.park(Native,WAITING
1420632005,ajp-bio-8009-exec-30,sun.misc.Unsafe.park(Native,WAITING
1420632005,ajp-bio-8009-exec-31,sun.misc.Unsafe.park(Native,WAITING
1420632005,ajp-bio-8009-exec-6,sun.misc.Unsafe.park(Native,WAITING
1420632005,ajp-bio-8009-exec-7,sun.misc.Unsafe.park(Native,WAITING
1420632005,ajp-bio-8010-Acceptor-0,java.net.PlainSocketImpl.socketAccept(Native,RUNNABLE
1420632005,ajp-bio-8010-AsyncTimeout,java.lang.Thread.sleep(Native,TIMED_WAITING
1420632005,ajp-bio-8010-exec-301,java.net.SocketInputStream.socketRead0(Native,RUNNABLE
1420632005,ajp-bio-8010-exec-471,sun.misc.Unsafe.park(Native,WAITING
1420632005,ajp-bio-8010-exec-474,java.net.SocketInputStream.socketRead0(Native,RUNNABLE
1420632005,ajp-bio-8010-exec-477,sun.misc.Unsafe.park(Native,WAITING
1420632005,ajp-bio-8010-exec-488,java.net.SocketInputStream.socketRead0(Native,RUNNABLE
1420632005,ajp-bio-8010-exec-489,sun.misc.Unsafe.park(Native,WAITING
1420632005,ajp-bio-8010-exec-490,sun.misc.Unsafe.park(Native,WAITING
1420632005,ajp-bio-8010-exec-491,java.net.SocketInputStream.socketRead0(Native,RUNNABLE
1420632005,ajp-bio-8010-exec-494,sun.misc.Unsafe.park(Native,WAITING
1420632005,ajp-bio-8010-exec-496,sun.misc.Unsafe.park(Native,WAITING
1420632005,Attach Listener,,RUNNABLE
1420632005,BroadcastSender-100,sun.misc.Unsafe.park(Native,WAITING
1420632005,BroadcastSender-108,sun.misc.Unsafe.park(Native,WAITING
1420632005,BroadcastSender-109,sun.misc.Unsafe.park(Native,WAITING
1420632005,BroadcastSender-115,sun.misc.Unsafe.park(Native,WAITING
1420632005,BroadcastSender-120,sun.misc.Unsafe.park(Native,WAITING
1420632005,BroadcastSender-125,sun.misc.Unsafe.park(Native,WAITING
1420632005,BroadcastSender-126,sun.misc.Unsafe.park(Native,WAITING
1420632005,BroadcastSender-128,sun.misc.Unsafe.park(Native,WAITING
1420632005,BroadcastSender-88,sun.misc.Unsafe.park(Native,WAITING
1420632005,BroadcastSender-98,sun.misc.Unsafe.park(Native,WAITING
1420632005,C2 CompilerThread0,,RUNNABLE
1420632005,C2 CompilerThread1,,RUNNABLE
1420632005,Concurrent Mark-Sweep GC Thread,,Periodic
1420632005,ContainerBackgroundProcessor[StandardEngine[Catalina]],,
1420632005,CronJob Timer master,java.lang.Object.wait(Native,TIMED_WAITING
1420632005,DestroyJavaVM,,RUNNABLE
1420632005,Finalizer,ownable,
1420632005,Gang worker#0 (Parallel GC Threads),worker#1,
1420632005,Gang worker#1 (Parallel GC Threads),worker#2,
1420632005,Gang worker#2 (Parallel GC Threads),worker#3,
1420632005,Gang worker#3 (Parallel GC Threads),Mark-Sweep,
1420632005,GC Daemon,java.lang.Object.wait(Native,TIMED_WAITING
1420632005,http-bio-9001-Acceptor-0,java.net.PlainSocketImpl.socketAccept(Native,RUNNABLE
1420632005,http-bio-9001-AsyncTimeout,java.lang.Thread.sleep(Native,TIMED_WAITING
1420632005,http-bio-9002-Acceptor-0,java.net.PlainSocketImpl.socketAccept(Native,RUNNABLE
1420632005,http-bio-9002-AsyncTimeout,java.lang.Thread.sleep(Native,TIMED_WAITING
1420632005,hybrisHTTP1,de.hybris.platform.servicelayer.web.SessionFilter.getJaloSession(SessionFilter.java:203),BLOCKED
1420632005,hybrisHTTP10,java.net.SocketInputStream.socketRead0(Native,RUNNABLE
1420632005,hybrisHTTP11,sun.misc.Unsafe.park(Native,WAITING
1420632005,hybrisHTTP12,sun.misc.Unsafe.park(Native,WAITING
1420632005,hybrisHTTP13,sun.misc.Unsafe.park(Native,WAITING
1420632005,hybrisHTTP14,sun.misc.Unsafe.park(Native,WAITING
1420632005,hybrisHTTP15,sun.misc.Unsafe.park(Native,WAITING
1420632005,hybrisHTTP16,sun.misc.Unsafe.park(Native,WAITING
1420632005,hybrisHTTP17,sun.misc.Unsafe.park(Native,WAITING
1420632005,hybrisHTTP18,sun.misc.Unsafe.park(Native,WAITING
1420632005,hybrisHTTP19,de.hybris.platform.servicelayer.web.SessionFilter.getJaloSession(SessionFilter.java:203),BLOCKED
1420632005,hybrisHTTP2,sun.misc.Unsafe.park(Native,WAITING
1420632005,hybrisHTTP20,sun.misc.Unsafe.park(Native,WAITING
1420632005,hybrisHTTP21,sun.misc.Unsafe.park(Native,WAITING
1420632005,hybrisHTTP22,sun.misc.Unsafe.park(Native,WAITING
1420632005,hybrisHTTP23,sun.misc.Unsafe.park(Native,WAITING
1420632005,hybrisHTTP24,java.lang.Object.wait(Native,TIMED_WAITING
1420632005,hybrisHTTP25,java.lang.Object.wait(Native,TIMED_WAITING
1420632005,hybrisHTTP26,sun.misc.Unsafe.park(Native,WAITING
1420632005,hybrisHTTP27,sun.misc.Unsafe.park(Native,WAITING
1420632005,hybrisHTTP28,sun.misc.Unsafe.park(Native,WAITING
1420632005,hybrisHTTP29,sun.misc.Unsafe.park(Native,WAITING
1420632005,hybrisHTTP3,sun.misc.Unsafe.park(Native,WAITING
1420632005,hybrisHTTP30,sun.misc.Unsafe.park(Native,WAITING
1420632005,hybrisHTTP31,java.net.SocketInputStream.socketRead0(Native,RUNNABLE
1420632005,hybrisHTTP32,sun.misc.Unsafe.park(Native,WAITING
1420632005,hybrisHTTP33,sun.misc.Unsafe.park(Native,WAITING
1420632005,hybrisHTTP34,sun.misc.Unsafe.park(Native,WAITING
1420632005,hybrisHTTP35,sun.misc.Unsafe.park(Native,WAITING
1420632005,hybrisHTTP36,sun.misc.Unsafe.park(Native,WAITING
1420632005,hybrisHTTP37,sun.misc.Unsafe.park(Native,WAITING
1420632005,hybrisHTTP38,de.hybris.platform.servicelayer.web.SessionFilter.getJaloSession(SessionFilter.java:203),BLOCKED
1420632005,hybrisHTTP39,sun.misc.Unsafe.park(Native,WAITING
1420632005,hybrisHTTP4,sun.misc.Unsafe.park(Native,WAITING
1420632005,hybrisHTTP40,sun.misc.Unsafe.park(Native,WAITING
1420632005,hybrisHTTP41,sun.misc.Unsafe.park(Native,WAITING
1420632005,hybrisHTTP42,sun.misc.Unsafe.park(Native,WAITING
1420632005,hybrisHTTP43,sun.misc.Unsafe.park(Native,WAITING
1420632005,hybrisHTTP44,sun.misc.Unsafe.park(Native,WAITING
1420632005,hybrisHTTP45,sun.misc.Unsafe.park(Native,WAITING
1420632005,hybrisHTTP46,sun.misc.Unsafe.park(Native,WAITING
1420632005,hybrisHTTP47,sun.misc.Unsafe.park(Native,WAITING
1420632005,hybrisHTTP48,sun.misc.Unsafe.park(Native,WAITING
1420632005,hybrisHTTP49,sun.misc.Unsafe.park(Native,WAITING
1420632005,hybrisHTTP5,sun.misc.Unsafe.park(Native,WAITING
1420632005,hybrisHTTP50,sun.misc.Unsafe.park(Native,WAITING
1420632005,hybrisHTTP6,sun.misc.Unsafe.park(Native,WAITING
1420632005,hybrisHTTP7,de.hybris.platform.servicelayer.web.SessionFilter.getJaloSession(SessionFilter.java:203),BLOCKED
1420632005,hybrisHTTP8,sun.misc.Unsafe.park(Native,WAITING
1420632005,hybrisHTTP9,sun.misc.Unsafe.park(Native,WAITING
1420632005,Java2D Disposer,java.lang.Object.wait(Native,WAITING
1420632005,net.sf.ehcache.CacheManager@14045b41,java.lang.Object.wait(Native,WAITING
1420632005,Ping Timer,java.lang.Object.wait(Native,TIMED_WAITING
1420632005,PooledThread[0],java.lang.Object.wait(Native,WAITING
1420632005,PooledThread[1],java.lang.Object.wait(Native,WAITING
1420632005,PooledThread[10],java.lang.Object.wait(Native,WAITING
1420632005,PooledThread[100],java.lang.Object.wait(Native,WAITING
1420632005,PooledThread[101],java.lang.Object.wait(Native,WAITING
1420632005,PooledThread[102],java.lang.Object.wait(Native,WAITING
1420632005,PooledThread[103],java.lang.Object.wait(Native,WAITING
1420632005,PooledThread[104],java.lang.Object.wait(Native,WAITING
1420632005,PooledThread[105],java.lang.Object.wait(Native,WAITING
1420632005,PooledThread[106],java.lang.Object.wait(Native,WAITING
1420632005,PooledThread[107],java.lang.Object.wait(Native,WAITING
1420632005,PooledThread[11],java.lang.Object.wait(Native,WAITING
1420632005,PooledThread[12],java.lang.Object.wait(Native,WAITING
1420632005,PooledThread[13],java.lang.Object.wait(Native,WAITING
1420632005,PooledThread[14],java.lang.Object.wait(Native,WAITING
1420632005,PooledThread[15],java.lang.Object.wait(Native,WAITING
1420632005,PooledThread[16],java.lang.Object.wait(Native,WAITING
1420632005,PooledThread[17],java.lang.Object.wait(Native,WAITING
1420632005,PooledThread[18],java.lang.Object.wait(Native,WAITING
1420632005,PooledThread[19],java.lang.Object.wait(Native,WAITING
1420632005,PooledThread[2],java.lang.Object.wait(Native,WAITING
1420632005,PooledThread[20],java.lang.Object.wait(Native,WAITING
1420632005,PooledThread[21],java.lang.Object.wait(Native,WAITING
1420632005,PooledThread[22],java.lang.Object.wait(Native,WAITING
1420632005,PooledThread[23],java.lang.Object.wait(Native,WAITING
1420632005,PooledThread[24],java.lang.Object.wait(Native,WAITING
1420632005,PooledThread[25],java.lang.Object.wait(Native,WAITING
1420632005,PooledThread[26],java.lang.Object.wait(Native,WAITING
1420632005,PooledThread[27],java.lang.Object.wait(Native,WAITING
1420632005,PooledThread[28],java.lang.Object.wait(Native,WAITING
1420632005,PooledThread[29],java.lang.Object.wait(Native,WAITING
1420632005,PooledThread[3],java.lang.Object.wait(Native,WAITING
1420632005,PooledThread[30],java.lang.Object.wait(Native,WAITING
1420632005,PooledThread[31],java.lang.Object.wait(Native,WAITING
1420632005,PooledThread[32],java.lang.Object.wait(Native,WAITING
1420632005,PooledThread[33],java.lang.Object.wait(Native,WAITING
1420632005,PooledThread[34],java.lang.Object.wait(Native,WAITING
1420632005,PooledThread[35],java.lang.Object.wait(Native,WAITING
1420632005,PooledThread[36],java.lang.Object.wait(Native,WAITING
1420632005,PooledThread[37],java.lang.Object.wait(Native,WAITING
1420632005,PooledThread[38],java.lang.Object.wait(Native,WAITING
1420632005,PooledThread[39],java.lang.Object.wait(Native,WAITING
1420632005,PooledThread[4],java.lang.Object.wait(Native,WAITING
1420632005,PooledThread[40],java.lang.Object.wait(Native,WAITING
1420632005,PooledThread[41],java.lang.Object.wait(Native,WAITING
1420632005,PooledThread[42],java.lang.Object.wait(Native,WAITING
1420632005,PooledThread[43],java.lang.Object.wait(Native,WAITING
1420632005,PooledThread[44],java.lang.Object.wait(Native,WAITING
1420632005,PooledThread[45],java.lang.Object.wait(Native,WAITING
1420632005,PooledThread[46],java.lang.Object.wait(Native,WAITING
1420632005,PooledThread[47],java.lang.Object.wait(Native,WAITING
1420632005,PooledThread[48],java.lang.Object.wait(Native,WAITING
1420632005,PooledThread[49],java.lang.Object.wait(Native,WAITING
1420632005,PooledThread[5],java.lang.Object.wait(Native,WAITING
1420632005,PooledThread[50],java.lang.Object.wait(Native,WAITING
1420632005,PooledThread[51],java.lang.Object.wait(Native,WAITING
1420632005,PooledThread[52],java.lang.Object.wait(Native,WAITING
1420632005,PooledThread[53],java.lang.Object.wait(Native,WAITING
1420632005,PooledThread[54],java.lang.Object.wait(Native,WAITING
1420632005,PooledThread[55],java.lang.Object.wait(Native,WAITING
1420632005,PooledThread[56],java.lang.Object.wait(Native,WAITING
1420632005,PooledThread[57],java.lang.Object.wait(Native,WAITING
1420632005,PooledThread[58],java.lang.Object.wait(Native,WAITING
1420632005,PooledThread[59],java.lang.Object.wait(Native,WAITING
1420632005,PooledThread[6],java.lang.Object.wait(Native,WAITING
1420632005,PooledThread[60],java.lang.Object.wait(Native,WAITING
1420632005,PooledThread[61],java.lang.Object.wait(Native,WAITING
1420632005,PooledThread[62],java.lang.Object.wait(Native,WAITING
1420632005,PooledThread[63],java.lang.Object.wait(Native,WAITING
1420632005,PooledThread[64],java.lang.Object.wait(Native,WAITING
1420632005,PooledThread[65],java.lang.Object.wait(Native,WAITING
1420632005,PooledThread[66],java.lang.Object.wait(Native,WAITING
1420632005,PooledThread[67],java.lang.Object.wait(Native,WAITING
1420632005,PooledThread[68],java.lang.Object.wait(Native,WAITING
1420632005,PooledThread[69],java.lang.Object.wait(Native,WAITING
1420632005,PooledThread[7],java.lang.Object.wait(Native,WAITING
1420632005,PooledThread[70],java.lang.Object.wait(Native,WAITING
1420632005,PooledThread[71],java.lang.Object.wait(Native,WAITING
1420632005,PooledThread[72],java.lang.Object.wait(Native,WAITING
1420632005,PooledThread[73],java.lang.Object.wait(Native,WAITING
1420632005,PooledThread[74],java.lang.Object.wait(Native,WAITING
1420632005,PooledThread[75],java.lang.Object.wait(Native,WAITING
1420632005,PooledThread[76],java.lang.Object.wait(Native,WAITING
1420632005,PooledThread[77],java.lang.Object.wait(Native,WAITING
1420632005,PooledThread[78],java.lang.Object.wait(Native,WAITING
1420632005,PooledThread[79],java.lang.Object.wait(Native,WAITING
1420632005,PooledThread[8],java.lang.Object.wait(Native,WAITING
1420632005,PooledThread[80],java.lang.Object.wait(Native,WAITING
1420632005,PooledThread[81],java.lang.Object.wait(Native,WAITING
1420632005,PooledThread[82],java.lang.Object.wait(Native,WAITING
1420632005,PooledThread[83],java.lang.Object.wait(Native,WAITING
1420632005,PooledThread[84],java.lang.Object.wait(Native,WAITING
1420632005,PooledThread[85],java.lang.Object.wait(Native,WAITING
1420632005,PooledThread[86],java.lang.Object.wait(Native,WAITING
1420632005,PooledThread[87],java.lang.Object.wait(Native,WAITING
1420632005,PooledThread[88],java.lang.Object.wait(Native,WAITING
1420632005,PooledThread[89],java.lang.Object.wait(Native,WAITING
1420632005,PooledThread[9],java.lang.Object.wait(Native,WAITING
1420632005,PooledThread[90],java.lang.Object.wait(Native,WAITING
1420632005,PooledThread[91],java.lang.Object.wait(Native,WAITING
1420632005,PooledThread[92],java.lang.Object.wait(Native,WAITING
1420632005,PooledThread[93],java.lang.Object.wait(Native,WAITING
1420632005,PooledThread[94],java.lang.Object.wait(Native,WAITING
1420632005,PooledThread[95],java.lang.Object.wait(Native,WAITING
1420632005,PooledThread[96],java.lang.Object.wait(Native,WAITING
1420632005,PooledThread[97],java.lang.Object.wait(Native,WAITING
1420632005,PooledThread[98],java.lang.Object.wait(Native,WAITING
1420632005,PooledThread[99],java.lang.Object.wait(Native,WAITING
1420632005,PooledThread<<master>>[975],java.lang.Object.wait(Native,WAITING
1420632005,PooledThread<<master>>[977],java.lang.Object.wait(Native,WAITING
1420632005,Reference Handler,java.lang.Object.wait(Native,WAITING
1420632005,RMI Reaper,java.lang.Object.wait(Native,WAITING
1420632005,RMI RenewClean-[127.0.0.1:9004],java.lang.Object.wait(Native,TIMED_WAITING
1420632005,RMI Scheduler(0),sun.misc.Unsafe.park(Native,TIMED_WAITING
1420632005,RMI TCP Accept-0,java.net.PlainSocketImpl.socketAccept(Native,RUNNABLE
1420632005,RMI TCP Accept-9004,java.net.PlainSocketImpl.socketAccept(Native,RUNNABLE
1420632005,Service Thread,,RUNNABLE
1420632005,Signal Dispatcher,,RUNNABLE
1420632005,Surrogate Locker Thread (Concurrent GC),,RUNNABLE
1420632005,Task-master-poll,java.lang.Object.wait(Native,TIMED_WAITING
1420632005,task-scheduler-1,sun.misc.Unsafe.park(Native,WAITING
1420632005,task-scheduler-10,sun.misc.Unsafe.park(Native,WAITING
1420632005,task-scheduler-2,sun.misc.Unsafe.park(Native,WAITING
1420632005,task-scheduler-3,sun.misc.Unsafe.park(Native,WAITING
1420632005,task-scheduler-4,sun.misc.Unsafe.park(Native,WAITING
1420632005,task-scheduler-5,sun.misc.Unsafe.park(Native,WAITING
1420632005,task-scheduler-6,sun.misc.Unsafe.park(Native,WAITING
1420632005,task-scheduler-7,sun.misc.Unsafe.park(Native,WAITING
1420632005,task-scheduler-8,sun.misc.Unsafe.park(Native,WAITING
1420632005,task-scheduler-9,sun.misc.Unsafe.park(Native,TIMED_WAITING
1420632005,Thread-112,java.lang.Object.wait(Native,WAITING
1420632005,Thread-1270,java.lang.Object.wait(Native,WAITING
1420632005,Thread-1277,java.lang.Object.wait(Native,WAITING
1420632005,Thread-1283,java.lang.Object.wait(Native,WAITING
1420632005,Thread-18276,java.lang.Object.wait(Native,WAITING
1420632005,Thread-18573,java.lang.Object.wait(Native,WAITING
1420632005,Thread-33,java.lang.Thread.sleep(Native,TIMED_WAITING
1420632005,Thread-34,java.lang.Thread.sleep(Native,TIMED_WAITING
1420632005,Thread-40,org.springframework.web.context.request.SessionScope.get(SessionScope.java:91),BLOCKED
1420632005,Thread-41,java.lang.Object.wait(Native,WAITING
1420632005,Thread-43,java.lang.Object.wait(Native,WAITING
1420632005,Thread-43425,java.lang.Object.wait(Native,WAITING
1420632005,Thread-43426,java.lang.Object.wait(Native,WAITING
1420632005,Thread-6,java.lang.Object.wait(Native,WAITING
1420632005,Timer-0,java.lang.Object.wait(Native,TIMED_WAITING
1420632005,Timer-1,java.lang.Object.wait(Native,WAITING
1420632005,Unicast Distributed Cache Server,java.net.PlainDatagramSocketImpl.receive0(Native,RUNNABLE
1420632005,VM Periodic Task Thread,global,
1420632005,VM Thread,worker#0,
1420632005,Wrapper-Connection,java.net.SocketInputStream.socketRead0(Native,RUNNABLE
1420632005,Wrapper-Control-Event-Monitor,java.lang.Thread.sleep(Native,TIMED_WAITING
1420632005,WrapperSimpleAppMain,java.lang.Thread.sleep(Native,TIMED_WAITING
1420632015,Abandoned connection cleanup thread,java.lang.Object.wait(Native,TIMED_WAITING
1420632015,AfterSaveEventPublisher-master,java.lang.Thread.sleep(Native,TIMED_WAITING
1420632015,ajp-bio-8009-Acceptor-0,java.net.PlainSocketImpl.socketAccept(Native,RUNNABLE
1420632015,ajp-bio-8009-AsyncTimeout,java.lang.Thread.sleep(Native,TIMED_WAITING
1420632015,ajp-bio-8009-exec-12,sun.misc.Unsafe.park(Native,WAITING
1420632015,ajp-bio-8009-exec-15,sun.misc.Unsafe.park(Native,WAITING
1420632015,ajp-bio-8009-exec-2,sun.misc.Unsafe.park(Native,WAITING
1420632015,ajp-bio-8009-exec-26,sun.misc.Unsafe.park(Native,WAITING
1420632015,ajp-bio-8009-exec-27,sun.misc.Unsafe.park(Native,WAITING
1420632015,ajp-bio-8009-exec-28,sun.misc.Unsafe.park(Native,WAITING
1420632015,ajp-bio-8009-exec-30,sun.misc.Unsafe.park(Native,WAITING
1420632015,ajp-bio-8009-exec-31,sun.misc.Unsafe.park(Native,WAITING
1420632015,ajp-bio-8009-exec-6,sun.misc.Unsafe.park(Native,WAITING
1420632015,ajp-bio-8009-exec-7,sun.misc.Unsafe.park(Native,WAITING
1420632015,ajp-bio-8010-Acceptor-0,java.net.PlainSocketImpl.socketAccept(Native,RUNNABLE
1420632015,ajp-bio-8010-AsyncTimeout,java.lang.Thread.sleep(Native,TIMED_WAITING
1420632015,ajp-bio-8010-exec-301,java.net.SocketInputStream.socketRead0(Native,RUNNABLE
1420632015,ajp-bio-8010-exec-471,java.net.SocketInputStream.socketRead0(Native,RUNNABLE
1420632015,ajp-bio-8010-exec-474,sun.misc.Unsafe.park(Native,WAITING
1420632015,ajp-bio-8010-exec-477,sun.misc.Unsafe.park(Native,WAITING
1420632015,ajp-bio-8010-exec-488,java.net.SocketInputStream.socketRead0(Native,RUNNABLE
1420632015,ajp-bio-8010-exec-489,sun.misc.Unsafe.park(Native,WAITING
1420632015,ajp-bio-8010-exec-490,sun.misc.Unsafe.park(Native,WAITING
1420632015,ajp-bio-8010-exec-491,java.net.SocketInputStream.socketRead0(Native,RUNNABLE
1420632015,ajp-bio-8010-exec-494,sun.misc.Unsafe.park(Native,WAITING
1420632015,ajp-bio-8010-exec-496,sun.misc.Unsafe.park(Native,WAITING
1420632015,Attach Listener,,RUNNABLE
1420632015,BroadcastSender-100,sun.misc.Unsafe.park(Native,WAITING
1420632015,BroadcastSender-108,sun.misc.Unsafe.park(Native,WAITING
1420632015,BroadcastSender-109,sun.misc.Unsafe.park(Native,WAITING
1420632015,BroadcastSender-115,sun.misc.Unsafe.park(Native,WAITING
1420632015,BroadcastSender-120,sun.misc.Unsafe.park(Native,WAITING
1420632015,BroadcastSender-125,sun.misc.Unsafe.park(Native,WAITING
1420632015,BroadcastSender-126,sun.misc.Unsafe.park(Native,WAITING
1420632015,BroadcastSender-128,sun.misc.Unsafe.park(Native,WAITING
1420632015,BroadcastSender-88,sun.misc.Unsafe.park(Native,WAITING
1420632015,BroadcastSender-98,sun.misc.Unsafe.park(Native,WAITING
1420632015,C2 CompilerThread0,,RUNNABLE
1420632015,C2 CompilerThread1,,RUNNABLE
1420632015,Concurrent Mark-Sweep GC Thread,,Periodic
1420632015,ContainerBackgroundProcessor[StandardEngine[Catalina]],,
1420632015,CronJob Timer master,java.lang.Object.wait(Native,TIMED_WAITING
1420632015,DestroyJavaVM,,RUNNABLE
1420632015,Finalizer,ownable,
1420632015,Gang worker#0 (Parallel GC Threads),worker#1,
1420632015,Gang worker#1 (Parallel GC Threads),worker#2,
1420632015,Gang worker#2 (Parallel GC Threads),worker#3,
1420632015,Gang worker#3 (Parallel GC Threads),Mark-Sweep,
1420632015,GC Daemon,java.lang.Object.wait(Native,TIMED_WAITING
1420632015,http-bio-9001-Acceptor-0,java.net.PlainSocketImpl.socketAccept(Native,RUNNABLE
1420632015,http-bio-9001-AsyncTimeout,java.lang.Thread.sleep(Native,TIMED_WAITING
1420632015,http-bio-9002-Acceptor-0,java.net.PlainSocketImpl.socketAccept(Native,RUNNABLE
1420632015,http-bio-9002-AsyncTimeout,java.lang.Thread.sleep(Native,TIMED_WAITING
1420632015,hybrisHTTP1,de.hybris.platform.servicelayer.web.SessionFilter.getJaloSession(SessionFilter.java:203),BLOCKED
1420632015,hybrisHTTP10,java.net.SocketInputStream.socketRead0(Native,RUNNABLE
1420632015,hybrisHTTP11,sun.misc.Unsafe.park(Native,WAITING
1420632015,hybrisHTTP12,sun.misc.Unsafe.park(Native,WAITING
1420632015,hybrisHTTP13,sun.misc.Unsafe.park(Native,WAITING
1420632015,hybrisHTTP14,sun.misc.Unsafe.park(Native,WAITING
1420632015,hybrisHTTP15,sun.misc.Unsafe.park(Native,WAITING
1420632015,hybrisHTTP16,sun.misc.Unsafe.park(Native,WAITING
1420632015,hybrisHTTP17,sun.misc.Unsafe.park(Native,WAITING
1420632015,hybrisHTTP18,sun.misc.Unsafe.park(Native,WAITING
1420632015,hybrisHTTP19,de.hybris.platform.servicelayer.web.SessionFilter.getJaloSession(SessionFilter.java:203),BLOCKED
1420632015,hybrisHTTP2,sun.misc.Unsafe.park(Native,WAITING
1420632015,hybrisHTTP20,sun.misc.Unsafe.park(Native,WAITING
1420632015,hybrisHTTP21,sun.misc.Unsafe.park(Native,WAITING
1420632015,hybrisHTTP22,sun.misc.Unsafe.park(Native,WAITING
1420632015,hybrisHTTP23,sun.misc.Unsafe.park(Native,WAITING
1420632015,hybrisHTTP24,java.lang.Object.wait(Native,TIMED_WAITING
1420632015,hybrisHTTP25,java.lang.Object.wait(Native,TIMED_WAITING
1420632015,hybrisHTTP26,sun.misc.Unsafe.park(Native,WAITING
1420632015,hybrisHTTP27,sun.misc.Unsafe.park(Native,WAITING
1420632015,hybrisHTTP28,sun.misc.Unsafe.park(Native,WAITING
1420632015,hybrisHTTP29,java.net.SocketInputStream.socketRead0(Native,RUNNABLE
1420632015,hybrisHTTP3,sun.misc.Unsafe.park(Native,WAITING
1420632015,hybrisHTTP30,sun.misc.Unsafe.park(Native,WAITING
1420632015,hybrisHTTP31,sun.misc.Unsafe.park(Native,WAITING
1420632015,hybrisHTTP32,sun.misc.Unsafe.park(Native,WAITING
1420632015,hybrisHTTP33,sun.misc.Unsafe.park(Native,WAITING
1420632015,hybrisHTTP34,sun.misc.Unsafe.park(Native,WAITING
1420632015,hybrisHTTP35,sun.misc.Unsafe.park(Native,WAITING
1420632015,hybrisHTTP36,sun.misc.Unsafe.park(Native,WAITING
1420632015,hybrisHTTP37,sun.misc.Unsafe.park(Native,WAITING
1420632015,hybrisHTTP38,de.hybris.platform.servicelayer.web.SessionFilter.getJaloSession(SessionFilter.java:203),BLOCKED
1420632015,hybrisHTTP39,sun.misc.Unsafe.park(Native,WAITING
1420632015,hybrisHTTP4,sun.misc.Unsafe.park(Native,WAITING
1420632015,hybrisHTTP40,sun.misc.Unsafe.park(Native,WAITING
1420632015,hybrisHTTP41,sun.misc.Unsafe.park(Native,WAITING
1420632015,hybrisHTTP42,sun.misc.Unsafe.park(Native,WAITING
1420632015,hybrisHTTP43,java.lang.Throwable.fillInStackTrace(Native,RUNNABLE
1420632015,hybrisHTTP44,sun.misc.Unsafe.park(Native,WAITING
1420632015,hybrisHTTP45,sun.misc.Unsafe.park(Native,WAITING
1420632015,hybrisHTTP46,sun.misc.Unsafe.park(Native,WAITING
1420632015,hybrisHTTP47,sun.misc.Unsafe.park(Native,WAITING
1420632015,hybrisHTTP48,sun.misc.Unsafe.park(Native,WAITING
1420632015,hybrisHTTP49,sun.misc.Unsafe.park(Native,WAITING
1420632015,hybrisHTTP5,sun.misc.Unsafe.park(Native,WAITING
1420632015,hybrisHTTP50,sun.misc.Unsafe.park(Native,WAITING
1420632015,hybrisHTTP6,sun.misc.Unsafe.park(Native,WAITING
1420632015,hybrisHTTP7,de.hybris.platform.servicelayer.web.SessionFilter.getJaloSession(SessionFilter.java:203),BLOCKED
1420632015,hybrisHTTP8,sun.misc.Unsafe.park(Native,WAITING
1420632015,hybrisHTTP9,sun.misc.Unsafe.park(Native,WAITING
1420632015,Java2D Disposer,java.lang.Object.wait(Native,WAITING
1420632015,net.sf.ehcache.CacheManager@14045b41,java.lang.Object.wait(Native,WAITING
1420632015,Ping Timer,java.lang.Object.wait(Native,TIMED_WAITING
1420632015,PooledThread[0],java.lang.Object.wait(Native,WAITING
1420632015,PooledThread[1],java.lang.Object.wait(Native,WAITING
1420632015,PooledThread[10],java.lang.Object.wait(Native,WAITING
1420632015,PooledThread[100],java.lang.Object.wait(Native,WAITING
1420632015,PooledThread[101],java.lang.Object.wait(Native,WAITING
1420632015,PooledThread[102],java.lang.Object.wait(Native,WAITING
1420632015,PooledThread[103],java.lang.Object.wait(Native,WAITING
1420632015,PooledThread[104],java.lang.Object.wait(Native,WAITING
1420632015,PooledThread[105],java.lang.Object.wait(Native,WAITING
1420632015,PooledThread[106],java.lang.Object.wait(Native,WAITING
1420632015,PooledThread[107],java.lang.Object.wait(Native,WAITING
1420632015,PooledThread[11],java.lang.Object.wait(Native,WAITING
1420632015,PooledThread[12],java.lang.Object.wait(Native,WAITING
1420632015,PooledThread[13],java.lang.Object.wait(Native,WAITING
1420632015,PooledThread[14],java.lang.Object.wait(Native,WAITING
1420632015,PooledThread[15],java.lang.Object.wait(Native,WAITING
1420632015,PooledThread[16],java.lang.Object.wait(Native,WAITING
1420632015,PooledThread[17],java.lang.Object.wait(Native,WAITING
1420632015,PooledThread[18],java.lang.Object.wait(Native,WAITING
1420632015,PooledThread[19],java.lang.Object.wait(Native,WAITING
1420632015,PooledThread[2],java.lang.Object.wait(Native,WAITING
1420632015,PooledThread[20],java.lang.Object.wait(Native,WAITING
1420632015,PooledThread[21],java.lang.Object.wait(Native,WAITING
1420632015,PooledThread[22],java.lang.Object.wait(Native,WAITING
1420632015,PooledThread[23],java.lang.Object.wait(Native,WAITING
1420632015,PooledThread[24],java.lang.Object.wait(Native,WAITING
1420632015,PooledThread[25],java.lang.Object.wait(Native,WAITING
1420632015,PooledThread[26],java.lang.Object.wait(Native,WAITING
1420632015,PooledThread[27],java.lang.Object.wait(Native,WAITING
1420632015,PooledThread[28],java.lang.Object.wait(Native,WAITING
1420632015,PooledThread[29],java.lang.Object.wait(Native,WAITING
1420632015,PooledThread[3],java.lang.Object.wait(Native,WAITING
1420632015,PooledThread[30],java.lang.Object.wait(Native,WAITING
1420632015,PooledThread[31],java.lang.Object.wait(Native,WAITING
1420632015,PooledThread[32],java.lang.Object.wait(Native,WAITING
1420632015,PooledThread[33],java.lang.Object.wait(Native,WAITING
1420632015,PooledThread[34],java.lang.Object.wait(Native,WAITING
1420632015,PooledThread[35],java.lang.Object.wait(Native,WAITING
1420632015,PooledThread[36],java.lang.Object.wait(Native,WAITING
1420632015,PooledThread[37],java.lang.Object.wait(Native,WAITING
1420632015,PooledThread[38],java.lang.Object.wait(Native,WAITING
1420632015,PooledThread[39],java.lang.Object.wait(Native,WAITING
1420632015,PooledThread[4],java.lang.Object.wait(Native,WAITING
1420632015,PooledThread[40],java.lang.Object.wait(Native,WAITING
1420632015,PooledThread[41],java.lang.Object.wait(Native,WAITING
1420632015,PooledThread[42],java.lang.Object.wait(Native,WAITING
1420632015,PooledThread[43],java.lang.Object.wait(Native,WAITING
1420632015,PooledThread[44],java.lang.Object.wait(Native,WAITING
1420632015,PooledThread[45],java.lang.Object.wait(Native,WAITING
1420632015,PooledThread[46],java.lang.Object.wait(Native,WAITING
1420632015,PooledThread[47],java.lang.Object.wait(Native,WAITING
1420632015,PooledThread[48],java.lang.Object.wait(Native,WAITING
1420632015,PooledThread[49],java.lang.Object.wait(Native,WAITING
1420632015,PooledThread[5],java.lang.Object.wait(Native,WAITING
1420632015,PooledThread[50],java.lang.Object.wait(Native,WAITING
1420632015,PooledThread[51],java.lang.Object.wait(Native,WAITING
1420632015,PooledThread[52],java.lang.Object.wait(Native,WAITING
1420632015,PooledThread[53],java.lang.Object.wait(Native,WAITING
1420632015,PooledThread[54],java.lang.Object.wait(Native,WAITING
1420632015,PooledThread[55],java.lang.Object.wait(Native,WAITING
1420632015,PooledThread[56],java.lang.Object.wait(Native,WAITING
1420632015,PooledThread[57],java.lang.Object.wait(Native,WAITING
1420632015,PooledThread[58],java.lang.Object.wait(Native,WAITING
1420632015,PooledThread[59],java.lang.Object.wait(Native,WAITING
1420632015,PooledThread[6],java.lang.Object.wait(Native,WAITING
1420632015,PooledThread[60],java.lang.Object.wait(Native,WAITING
1420632015,PooledThread[61],java.lang.Object.wait(Native,WAITING
1420632015,PooledThread[62],java.lang.Object.wait(Native,WAITING
1420632015,PooledThread[63],java.lang.Object.wait(Native,WAITING
1420632015,PooledThread[64],java.lang.Object.wait(Native,WAITING
1420632015,PooledThread[65],java.lang.Object.wait(Native,WAITING
1420632015,PooledThread[66],java.lang.Object.wait(Native,WAITING
1420632015,PooledThread[67],java.lang.Object.wait(Native,WAITING
1420632015,PooledThread[68],java.lang.Object.wait(Native,WAITING
1420632015,PooledThread[69],java.lang.Object.wait(Native,WAITING
1420632015,PooledThread[7],java.lang.Object.wait(Native,WAITING
1420632015,PooledThread[70],java.lang.Object.wait(Native,WAITING
1420632015,PooledThread[71],java.lang.Object.wait(Native,WAITING
1420632015,PooledThread[72],java.lang.Object.wait(Native,WAITING
1420632015,PooledThread[73],java.lang.Object.wait(Native,WAITING
1420632015,PooledThread[74],java.lang.Object.wait(Native,WAITING
1420632015,PooledThread[75],java.lang.Object.wait(Native,WAITING
1420632015,PooledThread[76],java.lang.Object.wait(Native,WAITING
1420632015,PooledThread[77],java.lang.Object.wait(Native,WAITING
1420632015,PooledThread[78],java.lang.Object.wait(Native,WAITING
1420632015,PooledThread[79],java.lang.Object.wait(Native,WAITING
1420632015,PooledThread[8],java.lang.Object.wait(Native,WAITING
1420632015,PooledThread[80],java.lang.Object.wait(Native,WAITING
1420632015,PooledThread[81],java.lang.Object.wait(Native,WAITING
1420632015,PooledThread[82],java.lang.Object.wait(Native,WAITING
1420632015,PooledThread[83],java.lang.Object.wait(Native,WAITING
1420632015,PooledThread[84],java.lang.Object.wait(Native,WAITING
1420632015,PooledThread[85],java.lang.Object.wait(Native,WAITING
1420632015,PooledThread[86],java.lang.Object.wait(Native,WAITING
1420632015,PooledThread[87],java.lang.Object.wait(Native,WAITING
1420632015,PooledThread[88],java.lang.Object.wait(Native,WAITING
1420632015,PooledThread[89],java.lang.Object.wait(Native,WAITING
1420632015,PooledThread[9],java.lang.Object.wait(Native,WAITING
1420632015,PooledThread[90],java.lang.Object.wait(Native,WAITING
1420632015,PooledThread[91],java.lang.Object.wait(Native,WAITING
1420632015,PooledThread[92],java.lang.Object.wait(Native,WAITING
1420632015,PooledThread[93],java.lang.Object.wait(Native,WAITING
1420632015,PooledThread[94],java.lang.Object.wait(Native,WAITING
1420632015,PooledThread[95],java.lang.Object.wait(Native,WAITING
1420632015,PooledThread[96],java.lang.Object.wait(Native,WAITING
1420632015,PooledThread[97],java.lang.Object.wait(Native,WAITING
1420632015,PooledThread[98],java.lang.Object.wait(Native,WAITING
1420632015,PooledThread[99],java.lang.Object.wait(Native,WAITING
1420632015,PooledThread<<master>>[975],java.lang.Object.wait(Native,WAITING
1420632015,PooledThread<<master>>[977],java.lang.Object.wait(Native,WAITING
1420632015,Reference Handler,java.lang.Object.wait(Native,WAITING
1420632015,RMI Reaper,java.lang.Object.wait(Native,WAITING
1420632015,RMI RenewClean-[127.0.0.1:9004],java.lang.Object.wait(Native,TIMED_WAITING
1420632015,RMI Scheduler(0),sun.misc.Unsafe.park(Native,TIMED_WAITING
1420632015,RMI TCP Accept-0,java.net.PlainSocketImpl.socketAccept(Native,RUNNABLE
1420632015,RMI TCP Accept-9004,java.net.PlainSocketImpl.socketAccept(Native,RUNNABLE
1420632015,Service Thread,,RUNNABLE
1420632015,Signal Dispatcher,,RUNNABLE
1420632015,Surrogate Locker Thread (Concurrent GC),,RUNNABLE
1420632015,Task-master-poll,java.lang.Object.wait(Native,TIMED_WAITING
1420632015,task-scheduler-1,sun.misc.Unsafe.park(Native,WAITING
1420632015,task-scheduler-10,sun.misc.Unsafe.park(Native,WAITING
1420632015,task-scheduler-2,sun.misc.Unsafe.park(Native,WAITING
1420632015,task-scheduler-3,sun.misc.Unsafe.park(Native,WAITING
1420632015,task-scheduler-4,sun.misc.Unsafe.park(Native,WAITING
1420632015,task-scheduler-5,sun.misc.Unsafe.park(Native,WAITING
1420632015,task-scheduler-6,sun.misc.Unsafe.park(Native,WAITING
1420632015,task-scheduler-7,sun.misc.Unsafe.park(Native,WAITING
1420632015,task-scheduler-8,sun.misc.Unsafe.park(Native,WAITING
1420632015,task-scheduler-9,sun.misc.Unsafe.park(Native,TIMED_WAITING
1420632015,Thread-112,java.lang.Object.wait(Native,WAITING
1420632015,Thread-1270,java.lang.Object.wait(Native,WAITING
1420632015,Thread-1277,java.lang.Object.wait(Native,WAITING
1420632015,Thread-1283,java.lang.Object.wait(Native,WAITING
1420632015,Thread-18276,java.lang.Object.wait(Native,WAITING
1420632015,Thread-18573,java.lang.Object.wait(Native,WAITING
1420632015,Thread-33,java.lang.Thread.sleep(Native,TIMED_WAITING
1420632015,Thread-34,java.lang.Thread.sleep(Native,TIMED_WAITING
1420632015,Thread-40,org.springframework.web.context.request.SessionScope.get(SessionScope.java:91),BLOCKED
1420632015,Thread-41,java.lang.Object.wait(Native,WAITING
1420632015,Thread-43,java.lang.Object.wait(Native,WAITING
1420632015,Thread-43425,java.lang.Object.wait(Native,WAITING
1420632015,Thread-43426,java.lang.Object.wait(Native,WAITING
1420632015,Thread-6,java.lang.Object.wait(Native,WAITING
1420632015,Timer-0,java.lang.Object.wait(Native,TIMED_WAITING
1420632015,Timer-1,java.lang.Object.wait(Native,WAITING
1420632015,Unicast Distributed Cache Server,java.net.PlainDatagramSocketImpl.receive0(Native,RUNNABLE
1420632015,VM Periodic Task Thread,global,
1420632015,VM Thread,worker#0,
1420632015,Wrapper-Connection,java.net.SocketInputStream.socketRead0(Native,RUNNABLE
1420632015,Wrapper-Control-Event-Monitor,java.lang.Thread.sleep(Native,TIMED_WAITING
1420632015,WrapperSimpleAppMain,java.lang.Thread.sleep(Native,TIMED_WAITING
